<?xml version="1.0" encoding="UTF-8"?>
<!-- Generated by org.testng.reporters.JUnitReportReporter -->
<testsuite hostname="DESKTOP-08AFAVP" failures="0" tests="2" name="groupTest" time="0.031" errors="0" timestamp="2023-02-23T10:11:12 IST" skipped="0">
  <testcase classname="groupTest" name="testMethod1" time="0.029"/>
  <system-out/>
  <testcase classname="groupTest" name="testMethod2" time="0.002"/>
  <system-out/>
</testsuite> <!-- groupTest -->
