<?xml version="1.0" encoding="UTF-8"?>
<!-- Generated by org.testng.reporters.JUnitReportReporter -->
<testsuite hostname="DESKTOP-08AFAVP" failures="0" tests="2" name="testHerokuappLoginPage" time="0.501" errors="0" timestamp="2023-02-23T09:41:19 IST" skipped="1">
  <testcase classname="testHerokuappLoginPage" name="PasswordFieldCheck" time="0.501"/>
  <system-out>
    <![CDATA[This is to check if password is masked.]]>
  </system-out>
  <testcase classname="testHerokuappLoginPage" name="LinkCheck">
    <skipped/>
  </testcase> <!-- LinkCheck -->
  <system-out/>
</testsuite> <!-- testHerokuappLoginPage -->
