<?xml version="1.0" encoding="UTF-8"?>
<!-- Generated by org.testng.reporters.JUnitReportReporter -->
<testsuite hostname="DESKTOP-08AFAVP" failures="0" tests="1" name="testLinks" time="0.971" errors="0" timestamp="2023-02-23T10:44:46 IST" skipped="0">
  <testcase classname="testLinks" name="checkBrokenLinks" time="0.971"/>
  <system-out/>
</testsuite> <!-- testLinks -->
